ERROR 2025-05-14 04:42:13,175 log Internal Server Error: /dasbord/
Traceback (most recent call last):
  File "/home/TIM/mysite/.venv/lib/python3.10/site-packages/django/core/handlers/exception.py", line 55, in inner
    response = get_response(request)
  File "/home/TIM/mysite/.venv/lib/python3.10/site-packages/django/core/handlers/base.py", line 197, in _get_response
    response = wrapped_callback(request, *callback_args, **callback_kwargs)
  File "/home/TIM/mysite/.venv/lib/python3.10/site-packages/django/contrib/auth/decorators.py", line 60, in _view_wrapper
    return view_func(request, *args, **kwargs)
  File "/home/TIM/mysite/.venv/lib/python3.10/site-packages/django_ratelimit/decorators.py", line 27, in _wrapped
    return fn(request, *args, **kw)
  File "/home/TIM/mysite/authentication/views.py", line 563, in dasbord
    return render(request, 'home/dasbord.html', context)
  File "/home/TIM/mysite/.venv/lib/python3.10/site-packages/django/shortcuts.py", line 25, in render
    content = loader.render_to_string(template_name, context, request, using=using)
  File "/home/TIM/mysite/.venv/lib/python3.10/site-packages/django/template/loader.py", line 62, in render_to_string
    return template.render(context, request)
  File "/home/TIM/mysite/.venv/lib/python3.10/site-packages/django/template/backends/django.py", line 107, in render
    return self.template.render(context)
  File "/home/TIM/mysite/.venv/lib/python3.10/site-packages/django/template/base.py", line 171, in render
    return self._render(context)
  File "/home/TIM/mysite/.venv/lib/python3.10/site-packages/django/template/base.py", line 163, in _render
    return self.nodelist.render(context)
  File "/home/TIM/mysite/.venv/lib/python3.10/site-packages/django/template/base.py", line 1008, in render
    return SafeString("".join([node.render_annotated(context) for node in self]))
  File "/home/TIM/mysite/.venv/lib/python3.10/site-packages/django/template/base.py", line 1008, in <listcomp>
    return SafeString("".join([node.render_annotated(context) for node in self]))
  File "/home/TIM/mysite/.venv/lib/python3.10/site-packages/django/template/base.py", line 969, in render_annotated
    return self.render(context)
  File "/home/TIM/mysite/.venv/lib/python3.10/site-packages/django/template/loader_tags.py", line 159, in render
    return compiled_parent._render(context)
  File "/home/TIM/mysite/.venv/lib/python3.10/site-packages/django/template/base.py", line 163, in _render
    return self.nodelist.render(context)
  File "/home/TIM/mysite/.venv/lib/python3.10/site-packages/django/template/base.py", line 1008, in render
    return SafeString("".join([node.render_annotated(context) for node in self]))
  File "/home/TIM/mysite/.venv/lib/python3.10/site-packages/django/template/base.py", line 1008, in <listcomp>
    return SafeString("".join([node.render_annotated(context) for node in self]))
  File "/home/TIM/mysite/.venv/lib/python3.10/site-packages/django/template/base.py", line 969, in render_annotated
    return self.render(context)
  File "/home/TIM/mysite/.venv/lib/python3.10/site-packages/django/template/loader_tags.py", line 65, in render
    result = block.nodelist.render(context)
  File "/home/TIM/mysite/.venv/lib/python3.10/site-packages/django/template/base.py", line 1008, in render
    return SafeString("".join([node.render_annotated(context) for node in self]))
  File "/home/TIM/mysite/.venv/lib/python3.10/site-packages/django/template/base.py", line 1008, in <listcomp>
    return SafeString("".join([node.render_annotated(context) for node in self]))
  File "/home/TIM/mysite/.venv/lib/python3.10/site-packages/django/template/base.py", line 969, in render_annotated
    return self.render(context)
  File "/home/TIM/mysite/.venv/lib/python3.10/site-packages/django/template/defaulttags.py", line 327, in render
    return nodelist.render(context)
  File "/home/TIM/mysite/.venv/lib/python3.10/site-packages/django/template/base.py", line 1008, in render
    return SafeString("".join([node.render_annotated(context) for node in self]))
  File "/home/TIM/mysite/.venv/lib/python3.10/site-packages/django/template/base.py", line 1008, in <listcomp>
    return SafeString("".join([node.render_annotated(context) for node in self]))
  File "/home/TIM/mysite/.venv/lib/python3.10/site-packages/django/template/base.py", line 969, in render_annotated
    return self.render(context)
  File "/home/TIM/mysite/.venv/lib/python3.10/site-packages/django/template/defaulttags.py", line 243, in render
    nodelist.append(node.render_annotated(context))
  File "/home/TIM/mysite/.venv/lib/python3.10/site-packages/django/template/base.py", line 969, in render_annotated
    return self.render(context)
  File "/home/TIM/mysite/.venv/lib/python3.10/site-packages/django/template/defaulttags.py", line 480, in render
    url = reverse(view_name, args=args, kwargs=kwargs, current_app=current_app)
  File "/home/TIM/mysite/.venv/lib/python3.10/site-packages/django/urls/base.py", line 88, in reverse
    return resolver._reverse_with_prefix(view, prefix, *args, **kwargs)
  File "/home/TIM/mysite/.venv/lib/python3.10/site-packages/django/urls/resolvers.py", line 831, in _reverse_with_prefix
    raise NoReverseMatch(msg)
django.urls.exceptions.NoReverseMatch: Reverse for 'course_lms_detail' not found. 'course_lms_detail' is not a valid view function or pattern name.
WARNING 2025-05-14 05:22:21,138 log Forbidden (Referer checking failed - no Referer.): /
INFO 2025-05-14 05:46:55,214 __init__ Step 1 - Fetching and parsing HTML - HTML string
INFO 2025-05-14 05:46:55,237 __init__ Step 2 - Fetching and parsing CSS - https://fonts.googleapis.com/css2?family=Playfair+Display:wght@700&family=Open+Sans:wght@400;600&display=swap
INFO 2025-05-14 05:46:56,312 __init__ Step 2 - Fetching and parsing CSS - CSS string
INFO 2025-05-14 05:46:56,321 __init__ Step 3 - Applying CSS
INFO 2025-05-14 05:46:56,325 document Step 4 - Creating formatting structure
INFO 2025-05-14 05:46:56,521 page Step 5 - Creating layout - Page 1
INFO 2025-05-14 05:46:56,618 __init__ Step 6 - Creating PDF
INFO 2025-05-14 05:46:56,662 __init__ Step 7 - Adding PDF metadata
DEBUG 2025-05-14 05:46:56,664 ttFont Reading 'maxp' table from disk
DEBUG 2025-05-14 05:46:56,665 ttFont Decompiling 'maxp' table
DEBUG 2025-05-14 05:46:56,665 loggingTools Took 0.001s to load 'maxp'
DEBUG 2025-05-14 05:46:56,665 loggingTools Took 0.000s to prune 'maxp'
INFO 2025-05-14 05:46:56,665 __init__ maxp pruned
DEBUG 2025-05-14 05:46:56,667 ttFont Reading 'cmap' table from disk
DEBUG 2025-05-14 05:46:56,668 ttFont Decompiling 'cmap' table
DEBUG 2025-05-14 05:46:56,668 ttFont Reading 'post' table from disk
DEBUG 2025-05-14 05:46:56,668 ttFont Decompiling 'post' table
DEBUG 2025-05-14 05:46:56,670 loggingTools Took 0.002s to load 'cmap'
DEBUG 2025-05-14 05:46:56,670 loggingTools Took 0.000s to prune 'cmap'
INFO 2025-05-14 05:46:56,670 __init__ cmap pruned
INFO 2025-05-14 05:46:56,670 __init__ prep dropped
DEBUG 2025-05-14 05:46:56,671 loggingTools Took 0.000s to load 'post'
DEBUG 2025-05-14 05:46:56,671 loggingTools Took 0.000s to prune 'post'
INFO 2025-05-14 05:46:56,671 __init__ post pruned
INFO 2025-05-14 05:46:56,672 __init__ GPOS dropped
INFO 2025-05-14 05:46:56,672 __init__ GSUB dropped
DEBUG 2025-05-14 05:46:56,672 ttFont Reading 'glyf' table from disk
DEBUG 2025-05-14 05:46:56,672 ttFont Decompiling 'glyf' table
DEBUG 2025-05-14 05:46:56,673 ttFont Reading 'loca' table from disk
DEBUG 2025-05-14 05:46:56,673 ttFont Decompiling 'loca' table
DEBUG 2025-05-14 05:46:56,673 ttFont Reading 'head' table from disk
DEBUG 2025-05-14 05:46:56,673 ttFont Decompiling 'head' table
DEBUG 2025-05-14 05:46:56,675 loggingTools Took 0.003s to load 'glyf'
DEBUG 2025-05-14 05:46:56,675 loggingTools Took 0.000s to prune 'glyf'
INFO 2025-05-14 05:46:56,675 __init__ glyf pruned
DEBUG 2025-05-14 05:46:56,676 loggingTools Took 0.000s to close glyph list over 'cmap'
INFO 2025-05-14 05:46:56,676 __init__ Added gid0 to subset
INFO 2025-05-14 05:46:56,676 __init__ Closing glyph list over 'glyf': 36 glyphs before
INFO 2025-05-14 05:46:56,676 __init__ Glyph names: ['.notdef', 'A', 'C', 'D', 'E', 'F', 'H', 'I', 'M', 'N', 'O', 'R', 'S', 'T', 'V', 'W', 'a', 'b', 'c', 'colon', 'd', 'e', 'i', 'k', 'l', 'm', 'n', 'o', 'p', 'q', 'r', 's', 'space', 't', 'u', 'v']
INFO 2025-05-14 05:46:56,677 __init__ Glyph IDs:   [0, 1, 26, 32, 36, 56, 65, 69, 93, 94, 100, 128, 132, 140, 165, 166, 190, 214, 215, 221, 225, 259, 276, 280, 286, 287, 294, 319, 321, 322, 326, 334, 339, 359, 596, 633]
INFO 2025-05-14 05:46:56,677 __init__ Closed glyph list over 'glyf': 39 glyphs after
INFO 2025-05-14 05:46:56,677 __init__ Glyph names: ['.notdef', 'A', 'C', 'D', 'E', 'F', 'H', 'I', 'M', 'N', 'O', 'R', 'S', 'T', 'V', 'W', 'a', 'b', 'c', 'colon', 'd', 'dotlessi', 'e', 'i', 'k', 'l', 'm', 'n', 'o', 'p', 'period', 'q', 'r', 's', 'space', 't', 'u', 'uni0307', 'v']
INFO 2025-05-14 05:46:56,677 __init__ Glyph IDs:   [0, 1, 26, 32, 36, 56, 65, 69, 93, 94, 100, 128, 132, 140, 165, 166, 190, 214, 215, 221, 225, 259, 260, 276, 280, 286, 287, 294, 319, 321, 322, 326, 334, 339, 359, 594, 596, 633, 700]
DEBUG 2025-05-14 05:46:56,677 loggingTools Took 0.002s to close glyph list over 'glyf'
INFO 2025-05-14 05:46:56,678 __init__ Retaining 39 glyphs
INFO 2025-05-14 05:46:56,679 __init__ head subsetting not needed
INFO 2025-05-14 05:46:56,679 __init__ hhea subsetting not needed
INFO 2025-05-14 05:46:56,679 __init__ maxp subsetting not needed
INFO 2025-05-14 05:46:56,679 __init__ OS/2 subsetting not needed
DEBUG 2025-05-14 05:46:56,679 ttFont Reading 'hmtx' table from disk
DEBUG 2025-05-14 05:46:56,680 ttFont Decompiling 'hmtx' table
DEBUG 2025-05-14 05:46:56,680 ttFont Reading 'hhea' table from disk
DEBUG 2025-05-14 05:46:56,680 ttFont Decompiling 'hhea' table
DEBUG 2025-05-14 05:46:56,681 loggingTools Took 0.001s to subset 'hmtx'
INFO 2025-05-14 05:46:56,681 __init__ hmtx subsetted
DEBUG 2025-05-14 05:46:56,682 loggingTools Took 0.000s to subset 'cmap'
INFO 2025-05-14 05:46:56,682 __init__ cmap subsetted
INFO 2025-05-14 05:46:56,682 __init__ loca subsetting not needed
DEBUG 2025-05-14 05:46:56,682 loggingTools Took 0.000s to subset 'post'
INFO 2025-05-14 05:46:56,683 __init__ post subsetted
INFO 2025-05-14 05:46:56,683 __init__ gasp subsetting not needed
INFO 2025-05-14 05:46:56,683 __init__ STAT subsetting not needed
DEBUG 2025-05-14 05:46:56,683 ttFont Reading 'GDEF' table from disk
DEBUG 2025-05-14 05:46:56,683 ttFont Decompiling 'GDEF' table
DEBUG 2025-05-14 05:46:56,685 loggingTools Took 0.001s to subset 'GDEF'
INFO 2025-05-14 05:46:56,685 __init__ GDEF subsetted
INFO 2025-05-14 05:46:56,685 __init__ name subsetting not needed
DEBUG 2025-05-14 05:46:56,686 loggingTools Took 0.001s to subset 'glyf'
INFO 2025-05-14 05:46:56,686 __init__ glyf subsetted
DEBUG 2025-05-14 05:46:56,687 loggingTools Took 0.000s to subset GlyphOrder
DEBUG 2025-05-14 05:46:56,687 loggingTools Took 0.000s to prune 'head'
INFO 2025-05-14 05:46:56,687 __init__ head pruned
DEBUG 2025-05-14 05:46:56,687 ttFont Reading 'OS/2' table from disk
DEBUG 2025-05-14 05:46:56,688 ttFont Decompiling 'OS/2' table
INFO 2025-05-14 05:46:56,688 __init__ OS/2 Unicode ranges pruned: [0]
INFO 2025-05-14 05:46:56,688 __init__ OS/2 CodePage ranges pruned: [0]
DEBUG 2025-05-14 05:46:56,690 loggingTools Took 0.001s to prune 'glyf'
INFO 2025-05-14 05:46:56,690 __init__ glyf pruned
DEBUG 2025-05-14 05:46:56,690 loggingTools Took 0.000s to prune 'GDEF'
INFO 2025-05-14 05:46:56,690 __init__ GDEF pruned
DEBUG 2025-05-14 05:46:56,691 ttFont Reading 'name' table from disk
DEBUG 2025-05-14 05:46:56,691 ttFont Decompiling 'name' table
DEBUG 2025-05-14 05:46:56,691 ttFont Reading 'gasp' table from disk
DEBUG 2025-05-14 05:46:56,691 ttFont Decompiling 'gasp' table
DEBUG 2025-05-14 05:46:56,692 ttFont Reading 'STAT' table from disk
DEBUG 2025-05-14 05:46:56,692 ttFont Decompiling 'STAT' table
DEBUG 2025-05-14 05:46:56,693 loggingTools Took 0.002s to prune 'name'
INFO 2025-05-14 05:46:56,693 __init__ name pruned
DEBUG 2025-05-14 05:46:56,712 ttFont Reading 'maxp' table from disk
DEBUG 2025-05-14 05:46:56,712 ttFont Decompiling 'maxp' table
DEBUG 2025-05-14 05:46:56,712 loggingTools Took 0.001s to load 'maxp'
DEBUG 2025-05-14 05:46:56,712 loggingTools Took 0.000s to prune 'maxp'
INFO 2025-05-14 05:46:56,713 __init__ maxp pruned
DEBUG 2025-05-14 05:46:56,713 ttFont Reading 'cmap' table from disk
DEBUG 2025-05-14 05:46:56,713 ttFont Decompiling 'cmap' table
DEBUG 2025-05-14 05:46:56,714 ttFont Reading 'post' table from disk
DEBUG 2025-05-14 05:46:56,714 ttFont Decompiling 'post' table
DEBUG 2025-05-14 05:46:56,716 loggingTools Took 0.003s to load 'cmap'
DEBUG 2025-05-14 05:46:56,716 loggingTools Took 0.000s to prune 'cmap'
INFO 2025-05-14 05:46:56,716 __init__ cmap pruned
INFO 2025-05-14 05:46:56,716 __init__ fpgm dropped
INFO 2025-05-14 05:46:56,716 __init__ prep dropped
INFO 2025-05-14 05:46:56,717 __init__ cvt  dropped
DEBUG 2025-05-14 05:46:56,717 loggingTools Took 0.000s to load 'post'
DEBUG 2025-05-14 05:46:56,717 loggingTools Took 0.000s to prune 'post'
INFO 2025-05-14 05:46:56,717 __init__ post pruned
INFO 2025-05-14 05:46:56,717 __init__ GPOS dropped
INFO 2025-05-14 05:46:56,718 __init__ GSUB dropped
DEBUG 2025-05-14 05:46:56,718 ttFont Reading 'glyf' table from disk
DEBUG 2025-05-14 05:46:56,718 ttFont Decompiling 'glyf' table
DEBUG 2025-05-14 05:46:56,718 ttFont Reading 'loca' table from disk
DEBUG 2025-05-14 05:46:56,719 ttFont Decompiling 'loca' table
DEBUG 2025-05-14 05:46:56,719 ttFont Reading 'head' table from disk
DEBUG 2025-05-14 05:46:56,719 ttFont Decompiling 'head' table
DEBUG 2025-05-14 05:46:56,721 loggingTools Took 0.003s to load 'glyf'
DEBUG 2025-05-14 05:46:56,721 loggingTools Took 0.000s to prune 'glyf'
INFO 2025-05-14 05:46:56,721 __init__ glyf pruned
DEBUG 2025-05-14 05:46:56,721 loggingTools Took 0.000s to close glyph list over 'cmap'
INFO 2025-05-14 05:46:56,722 __init__ Added gid0 to subset
INFO 2025-05-14 05:46:56,722 __init__ Closing glyph list over 'glyf': 20 glyphs before
INFO 2025-05-14 05:46:56,722 __init__ Glyph names: ['.notdef', 'C', 'D', 'I', 'M', 'a', 'c', 'colon', 'd', 'e', 'fi', 'i', 'l', 'n', 'o', 'r', 's', 'space', 't', 'u']
INFO 2025-05-14 05:46:56,722 __init__ Glyph IDs:   [0, 3, 29, 38, 39, 44, 48, 68, 70, 71, 72, 76, 79, 81, 82, 85, 86, 87, 88, 904]
INFO 2025-05-14 05:46:56,723 __init__ Closed glyph list over 'glyf': 21 glyphs after
INFO 2025-05-14 05:46:56,723 __init__ Glyph names: ['.notdef', 'C', 'D', 'I', 'M', 'a', 'c', 'colon', 'd', 'e', 'f', 'fi', 'i', 'l', 'n', 'o', 'r', 's', 'space', 't', 'u']
INFO 2025-05-14 05:46:56,723 __init__ Glyph IDs:   [0, 3, 29, 38, 39, 44, 48, 68, 70, 71, 72, 73, 76, 79, 81, 82, 85, 86, 87, 88, 904]
DEBUG 2025-05-14 05:46:56,723 loggingTools Took 0.001s to close glyph list over 'glyf'
INFO 2025-05-14 05:46:56,724 __init__ Retaining 21 glyphs
INFO 2025-05-14 05:46:56,725 __init__ head subsetting not needed
INFO 2025-05-14 05:46:56,725 __init__ hhea subsetting not needed
INFO 2025-05-14 05:46:56,725 __init__ maxp subsetting not needed
INFO 2025-05-14 05:46:56,725 __init__ OS/2 subsetting not needed
DEBUG 2025-05-14 05:46:56,726 ttFont Reading 'hmtx' table from disk
DEBUG 2025-05-14 05:46:56,726 ttFont Decompiling 'hmtx' table
DEBUG 2025-05-14 05:46:56,726 ttFont Reading 'hhea' table from disk
DEBUG 2025-05-14 05:46:56,726 ttFont Decompiling 'hhea' table
DEBUG 2025-05-14 05:46:56,727 loggingTools Took 0.002s to subset 'hmtx'
INFO 2025-05-14 05:46:56,727 __init__ hmtx subsetted
DEBUG 2025-05-14 05:46:56,728 loggingTools Took 0.000s to subset 'cmap'
INFO 2025-05-14 05:46:56,728 __init__ cmap subsetted
INFO 2025-05-14 05:46:56,728 __init__ loca subsetting not needed
DEBUG 2025-05-14 05:46:56,729 loggingTools Took 0.000s to subset 'post'
INFO 2025-05-14 05:46:56,729 __init__ post subsetted
INFO 2025-05-14 05:46:56,729 __init__ gasp subsetting not needed
INFO 2025-05-14 05:46:56,729 __init__ STAT subsetting not needed
DEBUG 2025-05-14 05:46:56,729 ttFont Reading 'GDEF' table from disk
DEBUG 2025-05-14 05:46:56,729 ttFont Decompiling 'GDEF' table
DEBUG 2025-05-14 05:46:56,731 loggingTools Took 0.001s to subset 'GDEF'
INFO 2025-05-14 05:46:56,731 __init__ GDEF subsetted
INFO 2025-05-14 05:46:56,731 __init__ name subsetting not needed
DEBUG 2025-05-14 05:46:56,732 loggingTools Took 0.001s to subset 'glyf'
INFO 2025-05-14 05:46:56,732 __init__ glyf subsetted
DEBUG 2025-05-14 05:46:56,732 loggingTools Took 0.000s to subset GlyphOrder
DEBUG 2025-05-14 05:46:56,733 loggingTools Took 0.000s to prune 'head'
INFO 2025-05-14 05:46:56,733 __init__ head pruned
DEBUG 2025-05-14 05:46:56,733 ttFont Reading 'OS/2' table from disk
DEBUG 2025-05-14 05:46:56,733 ttFont Decompiling 'OS/2' table
INFO 2025-05-14 05:46:56,734 __init__ OS/2 Unicode ranges pruned: [0, 62]
INFO 2025-05-14 05:46:56,734 __init__ OS/2 CodePage ranges pruned: [0]
DEBUG 2025-05-14 05:46:56,735 loggingTools Took 0.001s to prune 'glyf'
INFO 2025-05-14 05:46:56,735 __init__ glyf pruned
DEBUG 2025-05-14 05:46:56,735 loggingTools Took 0.000s to prune 'GDEF'
INFO 2025-05-14 05:46:56,736 __init__ GDEF pruned
DEBUG 2025-05-14 05:46:56,736 ttFont Reading 'name' table from disk
DEBUG 2025-05-14 05:46:56,736 ttFont Decompiling 'name' table
DEBUG 2025-05-14 05:46:56,737 ttFont Reading 'gasp' table from disk
DEBUG 2025-05-14 05:46:56,737 ttFont Decompiling 'gasp' table
DEBUG 2025-05-14 05:46:56,737 ttFont Reading 'STAT' table from disk
DEBUG 2025-05-14 05:46:56,737 ttFont Decompiling 'STAT' table
DEBUG 2025-05-14 05:46:56,738 loggingTools Took 0.002s to prune 'name'
INFO 2025-05-14 05:46:56,738 __init__ name pruned
DEBUG 2025-05-14 05:46:56,749 ttFont Reading 'maxp' table from disk
DEBUG 2025-05-14 05:46:56,749 ttFont Decompiling 'maxp' table
DEBUG 2025-05-14 05:46:56,749 loggingTools Took 0.000s to load 'maxp'
DEBUG 2025-05-14 05:46:56,749 loggingTools Took 0.000s to prune 'maxp'
INFO 2025-05-14 05:46:56,749 __init__ maxp pruned
DEBUG 2025-05-14 05:46:56,750 ttFont Reading 'cmap' table from disk
DEBUG 2025-05-14 05:46:56,750 ttFont Decompiling 'cmap' table
DEBUG 2025-05-14 05:46:56,751 ttFont Reading 'post' table from disk
DEBUG 2025-05-14 05:46:56,751 ttFont Decompiling 'post' table
DEBUG 2025-05-14 05:46:56,753 loggingTools Took 0.003s to load 'cmap'
DEBUG 2025-05-14 05:46:56,753 loggingTools Took 0.000s to prune 'cmap'
INFO 2025-05-14 05:46:56,753 __init__ cmap pruned
INFO 2025-05-14 05:46:56,753 __init__ fpgm dropped
INFO 2025-05-14 05:46:56,753 __init__ prep dropped
INFO 2025-05-14 05:46:56,753 __init__ cvt  dropped
DEBUG 2025-05-14 05:46:56,754 loggingTools Took 0.000s to load 'post'
DEBUG 2025-05-14 05:46:56,754 loggingTools Took 0.000s to prune 'post'
INFO 2025-05-14 05:46:56,754 __init__ post pruned
INFO 2025-05-14 05:46:56,754 __init__ GPOS dropped
INFO 2025-05-14 05:46:56,754 __init__ GSUB dropped
DEBUG 2025-05-14 05:46:56,755 ttFont Reading 'glyf' table from disk
DEBUG 2025-05-14 05:46:56,755 ttFont Decompiling 'glyf' table
DEBUG 2025-05-14 05:46:56,755 ttFont Reading 'loca' table from disk
DEBUG 2025-05-14 05:46:56,755 ttFont Decompiling 'loca' table
DEBUG 2025-05-14 05:46:56,755 ttFont Reading 'head' table from disk
DEBUG 2025-05-14 05:46:56,755 ttFont Decompiling 'head' table
DEBUG 2025-05-14 05:46:56,757 loggingTools Took 0.003s to load 'glyf'
DEBUG 2025-05-14 05:46:56,757 loggingTools Took 0.000s to prune 'glyf'
INFO 2025-05-14 05:46:56,758 __init__ glyf pruned
DEBUG 2025-05-14 05:46:56,758 loggingTools Took 0.000s to close glyph list over 'cmap'
INFO 2025-05-14 05:46:56,758 __init__ Added gid0 to subset
INFO 2025-05-14 05:46:56,758 __init__ Closing glyph list over 'glyf': 52 glyphs before
INFO 2025-05-14 05:46:56,758 __init__ Glyph names: ['.notdef', 'A', 'B', 'C', 'D', 'E', 'F', 'M', 'O', 'P', 'R', 'T', 'V', 'W', 'a', 'b', 'c', 'comma', 'd', 'e', 'eight', 'f', 'fi', 'five', 'four', 'g', 'h', 'hyphen', 'i', 'j', 'k', 'l', 'm', 'n', 'o', 'one', 'p', 'percent', 'period', 'q', 'r', 's', 'six', 'space', 't', 'three', 'two', 'u', 'v', 'w', 'y', 'zero']
INFO 2025-05-14 05:46:56,759 __init__ Glyph IDs:   [0, 3, 8, 15, 16, 17, 19, 20, 21, 22, 23, 24, 25, 27, 36, 37, 38, 39, 40, 41, 48, 50, 51, 53, 55, 57, 58, 68, 69, 70, 71, 72, 73, 74, 75, 76, 77, 78, 79, 80, 81, 82, 83, 84, 85, 86, 87, 88, 89, 90, 92, 904]
INFO 2025-05-14 05:46:56,759 __init__ Closed glyph list over 'glyf': 52 glyphs after
INFO 2025-05-14 05:46:56,759 __init__ Glyph names: ['.notdef', 'A', 'B', 'C', 'D', 'E', 'F', 'M', 'O', 'P', 'R', 'T', 'V', 'W', 'a', 'b', 'c', 'comma', 'd', 'e', 'eight', 'f', 'fi', 'five', 'four', 'g', 'h', 'hyphen', 'i', 'j', 'k', 'l', 'm', 'n', 'o', 'one', 'p', 'percent', 'period', 'q', 'r', 's', 'six', 'space', 't', 'three', 'two', 'u', 'v', 'w', 'y', 'zero']
INFO 2025-05-14 05:46:56,760 __init__ Glyph IDs:   [0, 3, 8, 15, 16, 17, 19, 20, 21, 22, 23, 24, 25, 27, 36, 37, 38, 39, 40, 41, 48, 50, 51, 53, 55, 57, 58, 68, 69, 70, 71, 72, 73, 74, 75, 76, 77, 78, 79, 80, 81, 82, 83, 84, 85, 86, 87, 88, 89, 90, 92, 904]
DEBUG 2025-05-14 05:46:56,760 loggingTools Took 0.001s to close glyph list over 'glyf'
INFO 2025-05-14 05:46:56,761 __init__ Retaining 52 glyphs
INFO 2025-05-14 05:46:56,762 __init__ head subsetting not needed
INFO 2025-05-14 05:46:56,762 __init__ hhea subsetting not needed
INFO 2025-05-14 05:46:56,762 __init__ maxp subsetting not needed
INFO 2025-05-14 05:46:56,762 __init__ OS/2 subsetting not needed
DEBUG 2025-05-14 05:46:56,763 ttFont Reading 'hmtx' table from disk
DEBUG 2025-05-14 05:46:56,763 ttFont Decompiling 'hmtx' table
DEBUG 2025-05-14 05:46:56,763 ttFont Reading 'hhea' table from disk
DEBUG 2025-05-14 05:46:56,763 ttFont Decompiling 'hhea' table
DEBUG 2025-05-14 05:46:56,764 loggingTools Took 0.002s to subset 'hmtx'
INFO 2025-05-14 05:46:56,764 __init__ hmtx subsetted
DEBUG 2025-05-14 05:46:56,765 loggingTools Took 0.000s to subset 'cmap'
INFO 2025-05-14 05:46:56,765 __init__ cmap subsetted
INFO 2025-05-14 05:46:56,765 __init__ loca subsetting not needed
DEBUG 2025-05-14 05:46:56,765 loggingTools Took 0.000s to subset 'post'
INFO 2025-05-14 05:46:56,766 __init__ post subsetted
INFO 2025-05-14 05:46:56,766 __init__ gasp subsetting not needed
INFO 2025-05-14 05:46:56,766 __init__ STAT subsetting not needed
DEBUG 2025-05-14 05:46:56,766 ttFont Reading 'GDEF' table from disk
DEBUG 2025-05-14 05:46:56,766 ttFont Decompiling 'GDEF' table
DEBUG 2025-05-14 05:46:56,769 loggingTools Took 0.003s to subset 'GDEF'
INFO 2025-05-14 05:46:56,769 __init__ GDEF subsetted
INFO 2025-05-14 05:46:56,770 __init__ name subsetting not needed
DEBUG 2025-05-14 05:46:56,771 loggingTools Took 0.001s to subset 'glyf'
INFO 2025-05-14 05:46:56,771 __init__ glyf subsetted
DEBUG 2025-05-14 05:46:56,771 loggingTools Took 0.000s to subset GlyphOrder
DEBUG 2025-05-14 05:46:56,771 loggingTools Took 0.000s to prune 'head'
INFO 2025-05-14 05:46:56,771 __init__ head pruned
DEBUG 2025-05-14 05:46:56,772 ttFont Reading 'OS/2' table from disk
DEBUG 2025-05-14 05:46:56,772 ttFont Decompiling 'OS/2' table
INFO 2025-05-14 05:46:56,772 __init__ OS/2 Unicode ranges pruned: [0, 62]
INFO 2025-05-14 05:46:56,773 __init__ OS/2 CodePage ranges pruned: [0]
DEBUG 2025-05-14 05:46:56,774 loggingTools Took 0.001s to prune 'glyf'
INFO 2025-05-14 05:46:56,774 __init__ glyf pruned
DEBUG 2025-05-14 05:46:56,774 loggingTools Took 0.000s to prune 'GDEF'
INFO 2025-05-14 05:46:56,775 __init__ GDEF pruned
DEBUG 2025-05-14 05:46:56,775 ttFont Reading 'name' table from disk
DEBUG 2025-05-14 05:46:56,775 ttFont Decompiling 'name' table
DEBUG 2025-05-14 05:46:56,775 ttFont Reading 'gasp' table from disk
DEBUG 2025-05-14 05:46:56,776 ttFont Decompiling 'gasp' table
DEBUG 2025-05-14 05:46:56,776 ttFont Reading 'STAT' table from disk
DEBUG 2025-05-14 05:46:56,776 ttFont Decompiling 'STAT' table
DEBUG 2025-05-14 05:46:56,777 loggingTools Took 0.002s to prune 'name'
INFO 2025-05-14 05:46:56,777 __init__ name pruned
DEBUG 2025-05-14 05:46:56,795 ttFont Reading 'maxp' table from disk
DEBUG 2025-05-14 05:46:56,795 ttFont Decompiling 'maxp' table
DEBUG 2025-05-14 05:46:56,795 loggingTools Took 0.000s to load 'maxp'
DEBUG 2025-05-14 05:46:56,796 loggingTools Took 0.000s to prune 'maxp'
INFO 2025-05-14 05:46:56,796 __init__ maxp pruned
DEBUG 2025-05-14 05:46:56,796 ttFont Reading 'cmap' table from disk
DEBUG 2025-05-14 05:46:56,796 ttFont Decompiling 'cmap' table
DEBUG 2025-05-14 05:46:56,798 ttFont Reading 'post' table from disk
DEBUG 2025-05-14 05:46:56,799 ttFont Decompiling 'post' table
DEBUG 2025-05-14 05:46:56,818 loggingTools Took 0.022s to load 'cmap'
DEBUG 2025-05-14 05:46:56,819 loggingTools Took 0.000s to prune 'cmap'
INFO 2025-05-14 05:46:56,819 __init__ cmap pruned
INFO 2025-05-14 05:46:56,819 __init__ fpgm dropped
INFO 2025-05-14 05:46:56,819 __init__ prep dropped
INFO 2025-05-14 05:46:56,819 __init__ cvt  dropped
INFO 2025-05-14 05:46:56,820 __init__ kern dropped
DEBUG 2025-05-14 05:46:56,820 loggingTools Took 0.000s to load 'post'
DEBUG 2025-05-14 05:46:56,820 loggingTools Took 0.000s to prune 'post'
INFO 2025-05-14 05:46:56,820 __init__ post pruned
INFO 2025-05-14 05:46:56,821 __init__ GPOS dropped
INFO 2025-05-14 05:46:56,821 __init__ GSUB dropped
DEBUG 2025-05-14 05:46:56,822 ttFont Reading 'glyf' table from disk
DEBUG 2025-05-14 05:46:56,822 ttFont Decompiling 'glyf' table
DEBUG 2025-05-14 05:46:56,823 ttFont Reading 'loca' table from disk
DEBUG 2025-05-14 05:46:56,823 ttFont Decompiling 'loca' table
DEBUG 2025-05-14 05:46:56,823 ttFont Reading 'head' table from disk
DEBUG 2025-05-14 05:46:56,823 ttFont Decompiling 'head' table
DEBUG 2025-05-14 05:46:56,833 loggingTools Took 0.011s to load 'glyf'
DEBUG 2025-05-14 05:46:56,833 loggingTools Took 0.000s to prune 'glyf'
INFO 2025-05-14 05:46:56,833 __init__ glyf pruned
DEBUG 2025-05-14 05:46:56,835 loggingTools Took 0.001s to close glyph list over 'cmap'
INFO 2025-05-14 05:46:56,835 __init__ Added gid0 to subset
INFO 2025-05-14 05:46:56,835 __init__ Closing glyph list over 'glyf': 2 glyphs before
INFO 2025-05-14 05:46:56,835 __init__ Glyph names: ['.notdef', 'uni2713']
INFO 2025-05-14 05:46:56,836 __init__ Glyph IDs:   [0, 4004]
INFO 2025-05-14 05:46:56,836 __init__ Closed glyph list over 'glyf': 2 glyphs after
INFO 2025-05-14 05:46:56,836 __init__ Glyph names: ['.notdef', 'uni2713']
INFO 2025-05-14 05:46:56,837 __init__ Glyph IDs:   [0, 4004]
DEBUG 2025-05-14 05:46:56,837 loggingTools Took 0.002s to close glyph list over 'glyf'
INFO 2025-05-14 05:46:56,843 __init__ Retaining 2 glyphs
INFO 2025-05-14 05:46:56,843 __init__ head subsetting not needed
INFO 2025-05-14 05:46:56,844 __init__ hhea subsetting not needed
INFO 2025-05-14 05:46:56,844 __init__ maxp subsetting not needed
INFO 2025-05-14 05:46:56,844 __init__ OS/2 subsetting not needed
DEBUG 2025-05-14 05:46:56,844 ttFont Reading 'hmtx' table from disk
DEBUG 2025-05-14 05:46:56,844 ttFont Decompiling 'hmtx' table
DEBUG 2025-05-14 05:46:56,845 ttFont Reading 'hhea' table from disk
DEBUG 2025-05-14 05:46:56,845 ttFont Decompiling 'hhea' table
DEBUG 2025-05-14 05:46:56,850 loggingTools Took 0.006s to subset 'hmtx'
INFO 2025-05-14 05:46:56,850 __init__ hmtx subsetted
DEBUG 2025-05-14 05:46:56,853 loggingTools Took 0.003s to subset 'cmap'
INFO 2025-05-14 05:46:56,853 __init__ cmap subsetted
INFO 2025-05-14 05:46:56,853 __init__ loca subsetting not needed
DEBUG 2025-05-14 05:46:56,854 loggingTools Took 0.000s to subset 'post'
INFO 2025-05-14 05:46:56,854 __init__ post subsetted
INFO 2025-05-14 05:46:56,854 __init__ gasp subsetting not needed
INFO 2025-05-14 05:46:56,854 __init__ FFTM NOT subset; don't know how to subset
DEBUG 2025-05-14 05:46:56,854 ttFont Reading 'GDEF' table from disk
DEBUG 2025-05-14 05:46:56,855 ttFont Decompiling 'GDEF' table
DEBUG 2025-05-14 05:46:56,857 loggingTools Took 0.003s to subset 'GDEF'
INFO 2025-05-14 05:46:56,857 __init__ GDEF subsetted
INFO 2025-05-14 05:46:56,858 __init__ name subsetting not needed
DEBUG 2025-05-14 05:46:56,861 loggingTools Took 0.004s to subset 'glyf'
INFO 2025-05-14 05:46:56,862 __init__ glyf subsetted
DEBUG 2025-05-14 05:46:56,862 loggingTools Took 0.000s to subset GlyphOrder
DEBUG 2025-05-14 05:46:56,862 loggingTools Took 0.000s to prune 'head'
INFO 2025-05-14 05:46:56,863 __init__ head pruned
DEBUG 2025-05-14 05:46:56,863 ttFont Reading 'OS/2' table from disk
DEBUG 2025-05-14 05:46:56,863 ttFont Decompiling 'OS/2' table
INFO 2025-05-14 05:46:56,863 __init__ OS/2 Unicode ranges pruned: [47]
INFO 2025-05-14 05:46:56,864 __init__ OS/2 CodePage ranges pruned: [0]
DEBUG 2025-05-14 05:46:56,865 loggingTools Took 0.001s to prune 'glyf'
INFO 2025-05-14 05:46:56,865 __init__ glyf pruned
DEBUG 2025-05-14 05:46:56,865 loggingTools Took 0.000s to prune 'GDEF'
INFO 2025-05-14 05:46:56,866 __init__ GDEF pruned
DEBUG 2025-05-14 05:46:56,866 ttFont Reading 'name' table from disk
DEBUG 2025-05-14 05:46:56,866 ttFont Decompiling 'name' table
DEBUG 2025-05-14 05:46:56,867 ttFont Reading 'gasp' table from disk
DEBUG 2025-05-14 05:46:56,867 ttFont Decompiling 'gasp' table
DEBUG 2025-05-14 05:46:56,867 ttFont Reading 'FFTM' table from disk
DEBUG 2025-05-14 05:46:56,867 ttFont Decompiling 'FFTM' table
DEBUG 2025-05-14 05:46:56,867 loggingTools Took 0.002s to prune 'name'
INFO 2025-05-14 05:46:56,868 __init__ name pruned
